<?xml version="1.0" encoding="UTF-8"?>
<!-- Generated by org.testng.reporters.JUnitXMLReporter -->
<testsuite hostname="ZIFFITY0010" ignored="0" name="Test" tests="1" failures="1" timestamp="13 Nov 2019 10:25:34 GMT" time="34.447" errors="0">
  <testcase name="@AfterClass tearDownClass" time="0.0" classname="cucumberoptions.TestRunner">
    <failure type="org.testng.TestNGException" message="
Can inject only one of &amp;lt;ITestContext, XmlTest&amp;gt; into a AfterClass annotated tearDownClass.
For more information on native dependency injection please refer to http://testng.org/doc/documentation-main.html#native-dependency-injection">
      <![CDATA[org.testng.TestNGException: 
Can inject only one of <ITestContext, XmlTest> into a AfterClass annotated tearDownClass.
For more information on native dependency injection please refer to http://testng.org/doc/documentation-main.html#native-dependency-injection
... Removed 23 stack frames]]>
    </failure>
  </testcase> <!-- @AfterClass tearDownClass -->
  <testcase name="feature" time="34.03" classname="cucumberoptions.TestRunner">
    <failure type="cucumber.runtime.CucumberException" message="java.lang.AssertionError: Item is not added to cart expected [true] but found [false]">
      <![CDATA[cucumber.runtime.CucumberException: java.lang.AssertionError: Item is not added to cart expected [true] but found [false]
	at cucumber.api.testng.TestNGCucumberRunner.runCucumber(TestNGCucumberRunner.java:69)
	at cucumberoptions.TestRunner.feature(TestRunner.java:38)
Caused by: java.lang.AssertionError: Item is not added to cart expected [true] but found [false]
	at Testcase.PDP.itemadded(PDP.java:62)
	at stepdefination.smoke.product_is_added_to_cart(smoke.java:84)
	at âœ½.Then product is added to cart(src/test/java/feature/Smoke.feature:28)
... Removed 28 stack frames]]>
    </failure>
  </testcase> <!-- feature -->
</testsuite> <!-- Test -->
